2020-07-10 21:40:46.534  INFO 6840 --- [restartedMain] c.h.SampleStateTrackerApplication        : Starting SampleStateTrackerApplication on DESKTOP-N5ELPJA with PID 6840 (C:\Users\ahmed\Documents\workspace-spring-tool-suite-4-4.6.0.RELEASE\SampleStateTracker\bin\main started by ahmed in C:\Users\ahmed\Documents\workspace-spring-tool-suite-4-4.6.0.RELEASE\SampleStateTracker)
2020-07-10 21:40:46.537  INFO 6840 --- [restartedMain] c.h.SampleStateTrackerApplication        : No active profile set, falling back to default profiles: default
2020-07-10 21:40:46.577  INFO 6840 --- [restartedMain] .e.DevToolsPropertyDefaultsPostProcessor : Devtools property defaults active! Set 'spring.devtools.add-properties' to 'false' to disable
2020-07-10 21:40:46.578  INFO 6840 --- [restartedMain] .e.DevToolsPropertyDefaultsPostProcessor : For additional web related logging consider setting the 'logging.level.web' property to 'DEBUG'
2020-07-10 21:40:47.381  INFO 6840 --- [restartedMain] .s.d.r.c.RepositoryConfigurationDelegate : Bootstrapping Spring Data JPA repositories in DEFERRED mode.
2020-07-10 21:40:47.441  INFO 6840 --- [restartedMain] .s.d.r.c.RepositoryConfigurationDelegate : Finished Spring Data repository scanning in 51ms. Found 2 JPA repository interfaces.
2020-07-10 21:40:47.698  INFO 6840 --- [restartedMain] trationDelegate$BeanPostProcessorChecker : Bean 'org.springframework.ws.config.annotation.DelegatingWsConfiguration' of type [org.springframework.ws.config.annotation.DelegatingWsConfiguration$$EnhancerBySpringCGLIB$$d7156505] is not eligible for getting processed by all BeanPostProcessors (for example: not eligible for auto-proxying)
2020-07-10 21:40:47.734  INFO 6840 --- [restartedMain] .w.s.a.s.AnnotationActionEndpointMapping : Supporting [WS-Addressing August 2004, WS-Addressing 1.0]
2020-07-10 21:40:47.974  INFO 6840 --- [restartedMain] o.s.b.w.embedded.tomcat.TomcatWebServer  : Tomcat initialized with port(s): 8080 (http)
2020-07-10 21:40:47.981  INFO 6840 --- [restartedMain] o.apache.catalina.core.StandardService   : Starting service [Tomcat]
2020-07-10 21:40:47.982  INFO 6840 --- [restartedMain] org.apache.catalina.core.StandardEngine  : Starting Servlet engine: [Apache Tomcat/9.0.36]
2020-07-10 21:40:48.076  INFO 6840 --- [restartedMain] o.a.c.c.C.[Tomcat].[localhost].[/]       : Initializing Spring embedded WebApplicationContext
2020-07-10 21:40:48.076  INFO 6840 --- [restartedMain] w.s.c.ServletWebServerApplicationContext : Root WebApplicationContext: initialization completed in 1498 ms
2020-07-10 21:40:48.290  INFO 6840 --- [restartedMain] o.s.s.concurrent.ThreadPoolTaskExecutor  : Initializing ExecutorService 'applicationTaskExecutor'
2020-07-10 21:40:48.322  INFO 6840 --- [task-1] o.hibernate.jpa.internal.util.LogHelper  : HHH000204: Processing PersistenceUnitInfo [name: default]
2020-07-10 21:40:48.420  INFO 6840 --- [task-1] org.hibernate.Version                    : HHH000412: Hibernate ORM core version 5.4.17.Final
2020-07-10 21:40:48.424  WARN 6840 --- [restartedMain] JpaBaseConfiguration$JpaWebConfiguration : spring.jpa.open-in-view is enabled by default. Therefore, database queries may be performed during view rendering. Explicitly configure spring.jpa.open-in-view to disable this warning
2020-07-10 21:40:48.554  INFO 6840 --- [task-1] o.hibernate.annotations.common.Version   : HCANN000001: Hibernate Commons Annotations {5.1.0.Final}
2020-07-10 21:40:48.647  INFO 6840 --- [task-1] com.zaxxer.hikari.HikariDataSource       : HikariPool-1 - Starting...
2020-07-10 21:40:49.186  INFO 6840 --- [task-1] com.zaxxer.hikari.HikariDataSource       : HikariPool-1 - Start completed.
2020-07-10 21:40:49.201  INFO 6840 --- [task-1] org.hibernate.dialect.Dialect            : HHH000400: Using dialect: org.hibernate.dialect.MySQL8Dialect
2020-07-10 21:40:50.022  INFO 6840 --- [task-1] o.h.e.t.j.p.i.JtaPlatformInitiator       : HHH000490: Using JtaPlatform implementation: [org.hibernate.engine.transaction.jta.platform.internal.NoJtaPlatform]
2020-07-10 21:40:50.030  INFO 6840 --- [task-1] j.LocalContainerEntityManagerFactoryBean : Initialized JPA EntityManagerFactory for persistence unit 'default'
2020-07-10 21:40:50.047  INFO 6840 --- [task-2] o.s.b.d.a.OptionalLiveReloadServer       : LiveReload server is running on port 35729
2020-07-10 21:40:50.106  INFO 6840 --- [restartedMain] o.s.b.a.e.web.EndpointLinksResolver      : Exposing 2 endpoint(s) beneath base path '/actuator'
2020-07-10 21:40:50.146  INFO 6840 --- [restartedMain] o.s.b.w.embedded.tomcat.TomcatWebServer  : Tomcat started on port(s): 8080 (http) with context path ''
2020-07-10 21:40:50.147  INFO 6840 --- [restartedMain] DeferredRepositoryInitializationListener : Triggering deferred initialization of Spring Data repositories…
2020-07-10 21:40:50.395  INFO 6840 --- [restartedMain] DeferredRepositoryInitializationListener : Spring Data repositories initialized!
2020-07-10 21:40:50.549  INFO 6840 --- [restartedMain] c.h.SampleStateTrackerApplication        : Started SampleStateTrackerApplication in 4.298 seconds (JVM running for 5.248)
2020-07-10 21:40:50.612  INFO 6840 --- [RMI TCP Connection(3)-127.0.0.1] o.a.c.c.C.[Tomcat].[localhost].[/]       : Initializing Spring DispatcherServlet 'dispatcherServlet'
2020-07-10 21:40:50.612  INFO 6840 --- [RMI TCP Connection(3)-127.0.0.1] o.s.web.servlet.DispatcherServlet        : Initializing Servlet 'dispatcherServlet'
2020-07-10 21:40:50.618  INFO 6840 --- [RMI TCP Connection(3)-127.0.0.1] o.s.web.servlet.DispatcherServlet        : Completed initialization in 6 ms
2020-07-10 21:41:58.238  INFO 6840 --- [Thread-327] j.LocalContainerEntityManagerFactoryBean : Closing JPA EntityManagerFactory for persistence unit 'default'
2020-07-10 21:41:58.240  INFO 6840 --- [Thread-327] o.s.s.concurrent.ThreadPoolTaskExecutor  : Shutting down ExecutorService 'applicationTaskExecutor'
2020-07-10 21:41:58.242  INFO 6840 --- [Thread-327] com.zaxxer.hikari.HikariDataSource       : HikariPool-1 - Shutdown initiated...
2020-07-10 21:41:58.244  INFO 6840 --- [Thread-327] com.zaxxer.hikari.HikariDataSource       : HikariPool-1 - Shutdown completed.
2020-07-10 21:41:58.448  INFO 6840 --- [restartedMain] c.h.SampleStateTrackerApplication        : Starting SampleStateTrackerApplication on DESKTOP-N5ELPJA with PID 6840 (C:\Users\ahmed\Documents\workspace-spring-tool-suite-4-4.6.0.RELEASE\SampleStateTracker\bin\main started by ahmed in C:\Users\ahmed\Documents\workspace-spring-tool-suite-4-4.6.0.RELEASE\SampleStateTracker)
2020-07-10 21:41:58.448  INFO 6840 --- [restartedMain] c.h.SampleStateTrackerApplication        : No active profile set, falling back to default profiles: default
2020-07-10 21:41:58.760  INFO 6840 --- [restartedMain] .s.d.r.c.RepositoryConfigurationDelegate : Bootstrapping Spring Data JPA repositories in DEFERRED mode.
2020-07-10 21:41:58.771  INFO 6840 --- [restartedMain] .s.d.r.c.RepositoryConfigurationDelegate : Finished Spring Data repository scanning in 10ms. Found 2 JPA repository interfaces.
2020-07-10 21:41:58.814  INFO 6840 --- [restartedMain] trationDelegate$BeanPostProcessorChecker : Bean 'org.springframework.ws.config.annotation.DelegatingWsConfiguration' of type [org.springframework.ws.config.annotation.DelegatingWsConfiguration$$EnhancerBySpringCGLIB$$d7156505] is not eligible for getting processed by all BeanPostProcessors (for example: not eligible for auto-proxying)
2020-07-10 21:41:58.816  INFO 6840 --- [restartedMain] .w.s.a.s.AnnotationActionEndpointMapping : Supporting [WS-Addressing August 2004, WS-Addressing 1.0]
2020-07-10 21:41:58.899  INFO 6840 --- [restartedMain] o.s.b.w.embedded.tomcat.TomcatWebServer  : Tomcat initialized with port(s): 8080 (http)
2020-07-10 21:41:58.900  INFO 6840 --- [restartedMain] o.apache.catalina.core.StandardService   : Starting service [Tomcat]
2020-07-10 21:41:58.900  INFO 6840 --- [restartedMain] org.apache.catalina.core.StandardEngine  : Starting Servlet engine: [Apache Tomcat/9.0.36]
2020-07-10 21:41:58.927  INFO 6840 --- [restartedMain] o.a.c.c.C.[Tomcat].[localhost].[/]       : Initializing Spring embedded WebApplicationContext
2020-07-10 21:41:58.927  INFO 6840 --- [restartedMain] w.s.c.ServletWebServerApplicationContext : Root WebApplicationContext: initialization completed in 475 ms
2020-07-10 21:41:58.989  INFO 6840 --- [restartedMain] o.s.s.concurrent.ThreadPoolTaskExecutor  : Initializing ExecutorService 'applicationTaskExecutor'
2020-07-10 21:41:58.993  INFO 6840 --- [task-1] o.hibernate.jpa.internal.util.LogHelper  : HHH000204: Processing PersistenceUnitInfo [name: default]
2020-07-10 21:41:58.997  INFO 6840 --- [task-1] com.zaxxer.hikari.HikariDataSource       : HikariPool-2 - Starting...
2020-07-10 21:41:59.009  INFO 6840 --- [task-1] com.zaxxer.hikari.HikariDataSource       : HikariPool-2 - Start completed.
2020-07-10 21:41:59.009  INFO 6840 --- [task-1] org.hibernate.dialect.Dialect            : HHH000400: Using dialect: org.hibernate.dialect.MySQL8Dialect
2020-07-10 21:41:59.019  WARN 6840 --- [restartedMain] JpaBaseConfiguration$JpaWebConfiguration : spring.jpa.open-in-view is enabled by default. Therefore, database queries may be performed during view rendering. Explicitly configure spring.jpa.open-in-view to disable this warning
2020-07-10 21:41:59.115  INFO 6840 --- [task-1] o.h.e.t.j.p.i.JtaPlatformInitiator       : HHH000490: Using JtaPlatform implementation: [org.hibernate.engine.transaction.jta.platform.internal.NoJtaPlatform]
2020-07-10 21:41:59.115  INFO 6840 --- [task-1] j.LocalContainerEntityManagerFactoryBean : Initialized JPA EntityManagerFactory for persistence unit 'default'
2020-07-10 21:41:59.122  INFO 6840 --- [task-2] o.s.b.d.a.OptionalLiveReloadServer       : LiveReload server is running on port 35729
2020-07-10 21:41:59.181  INFO 6840 --- [restartedMain] o.s.b.a.e.web.EndpointLinksResolver      : Exposing 2 endpoint(s) beneath base path '/actuator'
2020-07-10 21:41:59.195  INFO 6840 --- [restartedMain] o.s.b.w.embedded.tomcat.TomcatWebServer  : Tomcat started on port(s): 8080 (http) with context path ''
2020-07-10 21:41:59.196  INFO 6840 --- [restartedMain] DeferredRepositoryInitializationListener : Triggering deferred initialization of Spring Data repositories…
2020-07-10 21:41:59.232  INFO 6840 --- [restartedMain] DeferredRepositoryInitializationListener : Spring Data repositories initialized!
2020-07-10 21:41:59.238  INFO 6840 --- [restartedMain] c.h.SampleStateTrackerApplication        : Started SampleStateTrackerApplication in 0.817 seconds (JVM running for 73.938)
2020-07-10 21:41:59.240  INFO 6840 --- [restartedMain] .ConditionEvaluationDeltaLoggingListener : Condition evaluation unchanged
2020-07-10 21:42:15.932  INFO 6840 --- [Thread-335] j.LocalContainerEntityManagerFactoryBean : Closing JPA EntityManagerFactory for persistence unit 'default'
2020-07-10 21:42:15.933  INFO 6840 --- [Thread-335] o.s.s.concurrent.ThreadPoolTaskExecutor  : Shutting down ExecutorService 'applicationTaskExecutor'
2020-07-10 21:42:15.933  INFO 6840 --- [Thread-335] com.zaxxer.hikari.HikariDataSource       : HikariPool-2 - Shutdown initiated...
2020-07-10 21:42:15.940  INFO 6840 --- [Thread-335] com.zaxxer.hikari.HikariDataSource       : HikariPool-2 - Shutdown completed.
2020-07-10 21:42:16.187  INFO 6840 --- [restartedMain] c.h.SampleStateTrackerApplication        : Starting SampleStateTrackerApplication on DESKTOP-N5ELPJA with PID 6840 (C:\Users\ahmed\Documents\workspace-spring-tool-suite-4-4.6.0.RELEASE\SampleStateTracker\bin\main started by ahmed in C:\Users\ahmed\Documents\workspace-spring-tool-suite-4-4.6.0.RELEASE\SampleStateTracker)
2020-07-10 21:42:16.187  INFO 6840 --- [restartedMain] c.h.SampleStateTrackerApplication        : No active profile set, falling back to default profiles: default
2020-07-10 21:42:16.481  INFO 6840 --- [restartedMain] .s.d.r.c.RepositoryConfigurationDelegate : Bootstrapping Spring Data JPA repositories in DEFERRED mode.
2020-07-10 21:42:16.492  INFO 6840 --- [restartedMain] .s.d.r.c.RepositoryConfigurationDelegate : Finished Spring Data repository scanning in 10ms. Found 2 JPA repository interfaces.
2020-07-10 21:42:16.530  INFO 6840 --- [restartedMain] trationDelegate$BeanPostProcessorChecker : Bean 'org.springframework.ws.config.annotation.DelegatingWsConfiguration' of type [org.springframework.ws.config.annotation.DelegatingWsConfiguration$$EnhancerBySpringCGLIB$$d7156505] is not eligible for getting processed by all BeanPostProcessors (for example: not eligible for auto-proxying)
2020-07-10 21:42:16.531  INFO 6840 --- [restartedMain] .w.s.a.s.AnnotationActionEndpointMapping : Supporting [WS-Addressing August 2004, WS-Addressing 1.0]
2020-07-10 21:42:16.602  INFO 6840 --- [restartedMain] o.s.b.w.embedded.tomcat.TomcatWebServer  : Tomcat initialized with port(s): 8080 (http)
2020-07-10 21:42:16.602  INFO 6840 --- [restartedMain] o.apache.catalina.core.StandardService   : Starting service [Tomcat]
2020-07-10 21:42:16.602  INFO 6840 --- [restartedMain] org.apache.catalina.core.StandardEngine  : Starting Servlet engine: [Apache Tomcat/9.0.36]
2020-07-10 21:42:16.617  INFO 6840 --- [restartedMain] o.a.c.c.C.[Tomcat].[localhost].[/]       : Initializing Spring embedded WebApplicationContext
2020-07-10 21:42:16.617  INFO 6840 --- [restartedMain] w.s.c.ServletWebServerApplicationContext : Root WebApplicationContext: initialization completed in 426 ms
2020-07-10 21:42:16.695  INFO 6840 --- [restartedMain] o.s.s.concurrent.ThreadPoolTaskExecutor  : Initializing ExecutorService 'applicationTaskExecutor'
2020-07-10 21:42:16.699  INFO 6840 --- [task-1] o.hibernate.jpa.internal.util.LogHelper  : HHH000204: Processing PersistenceUnitInfo [name: default]
2020-07-10 21:42:16.704  INFO 6840 --- [task-1] com.zaxxer.hikari.HikariDataSource       : HikariPool-3 - Starting...
2020-07-10 21:42:16.714  INFO 6840 --- [task-1] com.zaxxer.hikari.HikariDataSource       : HikariPool-3 - Start completed.
