2020-07-04 04:24:25.088  INFO 14308 --- [restartedMain] c.h.SampleStateTrackerApplication        : Starting SampleStateTrackerApplication on DESKTOP-N5ELPJA with PID 14308 (C:\Users\ahmed\Documents\workspace-spring-tool-suite-4-4.6.0.RELEASE\SampleStateTracker\bin\main started by ahmed in C:\Users\ahmed\Documents\workspace-spring-tool-suite-4-4.6.0.RELEASE\SampleStateTracker)
2020-07-04 04:24:25.088  INFO 14308 --- [restartedMain] c.h.SampleStateTrackerApplication        : No active profile set, falling back to default profiles: default
2020-07-04 04:24:25.703  INFO 14308 --- [restartedMain] .s.d.r.c.RepositoryConfigurationDelegate : Bootstrapping Spring Data JPA repositories in DEFERRED mode.
2020-07-04 04:24:25.724  INFO 14308 --- [restartedMain] .s.d.r.c.RepositoryConfigurationDelegate : Finished Spring Data repository scanning in 20ms. Found 2 JPA repository interfaces.
2020-07-04 04:24:25.800  INFO 14308 --- [restartedMain] trationDelegate$BeanPostProcessorChecker : Bean 'org.springframework.ws.config.annotation.DelegatingWsConfiguration' of type [org.springframework.ws.config.annotation.DelegatingWsConfiguration$$EnhancerBySpringCGLIB$$7eebdd66] is not eligible for getting processed by all BeanPostProcessors (for example: not eligible for auto-proxying)
2020-07-04 04:24:25.803  INFO 14308 --- [restartedMain] .w.s.a.s.AnnotationActionEndpointMapping : Supporting [WS-Addressing August 2004, WS-Addressing 1.0]
2020-07-04 04:24:26.041  INFO 14308 --- [restartedMain] o.s.b.w.embedded.tomcat.TomcatWebServer  : Tomcat initialized with port(s): 8080 (http)
2020-07-04 04:24:26.043  INFO 14308 --- [restartedMain] o.apache.catalina.core.StandardService   : Starting service [Tomcat]
2020-07-04 04:24:26.044  INFO 14308 --- [restartedMain] org.apache.catalina.core.StandardEngine  : Starting Servlet engine: [Apache Tomcat/9.0.36]
2020-07-04 04:24:26.080  INFO 14308 --- [restartedMain] o.a.c.c.C.[Tomcat].[localhost].[/]       : Initializing Spring embedded WebApplicationContext
2020-07-04 04:24:26.081  INFO 14308 --- [restartedMain] w.s.c.ServletWebServerApplicationContext : Root WebApplicationContext: initialization completed in 989 ms
2020-07-04 04:24:26.234  INFO 14308 --- [restartedMain] o.s.s.concurrent.ThreadPoolTaskExecutor  : Initializing ExecutorService 'applicationTaskExecutor'
2020-07-04 04:24:26.243  INFO 14308 --- [task-1] o.hibernate.jpa.internal.util.LogHelper  : HHH000204: Processing PersistenceUnitInfo [name: default]
2020-07-04 04:24:26.253  INFO 14308 --- [task-1] com.zaxxer.hikari.HikariDataSource       : HikariPool-6 - Starting...
2020-07-04 04:24:26.279  INFO 14308 --- [task-1] com.zaxxer.hikari.HikariDataSource       : HikariPool-6 - Start completed.
2020-07-04 04:24:26.280  INFO 14308 --- [task-1] org.hibernate.dialect.Dialect            : HHH000400: Using dialect: org.hibernate.dialect.MySQL8Dialect
2020-07-04 04:24:26.280  WARN 14308 --- [restartedMain] JpaBaseConfiguration$JpaWebConfiguration : spring.jpa.open-in-view is enabled by default. Therefore, database queries may be performed during view rendering. Explicitly configure spring.jpa.open-in-view to disable this warning
2020-07-04 04:24:26.460  INFO 14308 --- [task-1] o.h.e.t.j.p.i.JtaPlatformInitiator       : HHH000490: Using JtaPlatform implementation: [org.hibernate.engine.transaction.jta.platform.internal.NoJtaPlatform]
2020-07-04 04:24:26.461  INFO 14308 --- [task-1] j.LocalContainerEntityManagerFactoryBean : Initialized JPA EntityManagerFactory for persistence unit 'default'
2020-07-04 04:24:26.487  INFO 14308 --- [task-2] o.s.b.d.a.OptionalLiveReloadServer       : LiveReload server is running on port 35729
2020-07-04 04:24:26.614  INFO 14308 --- [restartedMain] o.s.b.a.e.web.EndpointLinksResolver      : Exposing 2 endpoint(s) beneath base path '/actuator'
2020-07-04 04:24:26.638  INFO 14308 --- [restartedMain] o.s.b.w.embedded.tomcat.TomcatWebServer  : Tomcat started on port(s): 8080 (http) with context path ''
2020-07-04 04:24:26.639  INFO 14308 --- [restartedMain] DeferredRepositoryInitializationListener : Triggering deferred initialization of Spring Data repositories…
2020-07-04 04:24:26.690  INFO 14308 --- [restartedMain] DeferredRepositoryInitializationListener : Spring Data repositories initialized!
2020-07-04 04:24:26.704  INFO 14308 --- [restartedMain] c.h.SampleStateTrackerApplication        : Started SampleStateTrackerApplication in 1.666 seconds (JVM running for 1156.413)
2020-07-04 04:24:26.707  INFO 14308 --- [restartedMain] .ConditionEvaluationDeltaLoggingListener : Condition evaluation unchanged
2020-07-04 04:26:08.605  INFO 14308 --- [Thread-1643] j.LocalContainerEntityManagerFactoryBean : Closing JPA EntityManagerFactory for persistence unit 'default'
2020-07-04 04:26:08.607  INFO 14308 --- [Thread-1643] o.s.s.concurrent.ThreadPoolTaskExecutor  : Shutting down ExecutorService 'applicationTaskExecutor'
2020-07-04 04:26:08.608  INFO 14308 --- [Thread-1643] com.zaxxer.hikari.HikariDataSource       : HikariPool-6 - Shutdown initiated...
2020-07-04 04:26:08.630  INFO 14308 --- [Thread-1643] com.zaxxer.hikari.HikariDataSource       : HikariPool-6 - Shutdown completed.
